Base path: C:/Program Files (x86)/Unity/Editor/Data
Pipe name: \\.\pipe\UnityShaderCompiler-1-1448
Cmd: getPlatforms
Cmd: preprocess
  insize=1934 outsize=930 ok=1
Cmd: compileSnippet
  api=1 type=0 insize=1260 outsize=186 kw= ok=1
Cmd: compileSnippet
  api=1 type=1 insize=1260 outsize=217 kw= ok=1
Cmd: preprocess
  insize=818 outsize=818 ok=1
Cmd: preprocess
  insize=514 outsize=514 ok=1
Cmd: preprocess
  insize=472 outsize=472 ok=1
Cmd: preprocess
  insize=2002 outsize=931 ok=1
Cmd: compileSnippet
  api=1 type=0 insize=1322 outsize=186 kw= ok=1
Cmd: compileSnippet
  api=1 type=1 insize=1322 outsize=207 kw= ok=1
Cmd: preprocess
  insize=835 outsize=835 ok=1
Cmd: preprocess
  insize=730 outsize=730 ok=1
Cmd: preprocess
  insize=569 outsize=569 ok=1
Cmd: preprocess
  insize=608 outsize=608 ok=1
Cmd: preprocess
  insize=683 outsize=683 ok=1
Cmd: preprocess
  insize=717 outsize=717 ok=1
Cmd: preprocess
  insize=1355 outsize=1355 ok=1
Cmd: preprocess
  insize=316 outsize=316 ok=1
Cmd: preprocess
  insize=422 outsize=422 ok=1
Cmd: preprocess
  insize=634 outsize=634 ok=1
Cmd: preprocess
  insize=963 outsize=963 ok=1
Cmd: preprocess
  insize=558 outsize=558 ok=1
Cmd: preprocess
  insize=1725 outsize=1007 ok=1
Cmd: compileSnippet
  api=1 type=0 insize=1020 outsize=171 kw= ok=1
Cmd: compileSnippet
  api=1 type=1 insize=1020 outsize=141 kw= ok=1
Cmd: preprocess
  insize=6178 outsize=3522 ok=1
Cmd: compileSnippet
  api=1 type=0 insize=7048 outsize=1135 kw=DIRECTIONAL LIGHTMAP_OFF DIRLIGHTMAP_OFF ok=1
Cmd: compileSnippet
  api=1 type=1 insize=7048 outsize=1141 kw=DIRECTIONAL LIGHTMAP_OFF DIRLIGHTMAP_OFF ok=1
Cmd: compileSnippet
  api=1 type=0 insize=4780 outsize=955 kw=POINT ok=1
Cmd: compileSnippet
  api=1 type=1 insize=4780 outsize=1323 kw=POINT ok=1
Cmd: compileSnippet
  api=1 type=0 insize=6012 outsize=995 kw=DIRECTIONAL LIGHTMAP_OFF DIRLIGHTMAP_OFF ok=1
Cmd: compileSnippet
  api=1 type=1 insize=6012 outsize=1028 kw=DIRECTIONAL LIGHTMAP_OFF DIRLIGHTMAP_OFF ok=1
Cmd: compileSnippet
  api=1 type=0 insize=3811 outsize=806 kw=POINT ok=1
Cmd: compileSnippet
  api=1 type=1 insize=3811 outsize=1210 kw=POINT ok=1
Cmd: compileSnippet
  api=1 type=0 insize=5336 outsize=694 kw=DIRECTIONAL LIGHTMAP_OFF DIRLIGHTMAP_OFF ok=1
Cmd: compileSnippet
  api=1 type=1 insize=5336 outsize=430 kw=DIRECTIONAL LIGHTMAP_OFF DIRLIGHTMAP_OFF ok=1
Cmd: compileSnippet
  api=1 type=0 insize=2853 outsize=431 kw=POINT ok=1
Cmd: compileSnippet
  api=1 type=1 insize=2853 outsize=557 kw=POINT ok=1
Cmd: preprocess
  insize=1754 outsize=929 ok=1
Cmd: compileSnippet
  api=1 type=0 insize=1085 outsize=186 kw= ok=1
Cmd: compileSnippet
  api=1 type=1 insize=1085 outsize=235 kw= ok=1
Cmd: preprocess
  insize=1294 outsize=492 ok=1
Cmd: compileSnippet
  api=1 type=0 insize=1104 outsize=158 kw= ok=1
Cmd: compileSnippet
  api=1 type=1 insize=1104 outsize=343 kw= ok=1
Cmd: preprocess
  insize=1772 outsize=993 ok=1
Cmd: compileSnippet
  api=1 type=0 insize=1041 outsize=171 kw= ok=1
Cmd: compileSnippet
  api=1 type=1 insize=1041 outsize=152 kw= ok=1
Cmd: compileSnippet
  api=1 type=0 insize=3811 outsize=648 kw=DIRECTIONAL ok=1
Cmd: compileSnippet
  api=1 type=1 insize=3811 outsize=991 kw=DIRECTIONAL ok=1
